01:39:07, 08 окт 2018 [ERROR] (TextFileReaderImpl.java:47) — [Ljava.lang.StackTraceElement;@470f1802
16:36:22, 13 окт 2018 [ERROR] (TetrahedronCreatorImpl.java:44) — [Ljava.lang.StackTraceElement;@3e92efc3
16:36:22, 13 окт 2018 [ERROR] (TetrahedronCreatorImpl.java:44) — [Ljava.lang.StackTraceElement;@3e92efc3
16:36:22, 13 окт 2018 [DEBUG] (TetrahedronCreatorTest.java:37) — []
16:36:22, 13 окт 2018 [DEBUG] (TetrahedronCreatorTest.java:38) — [by.training.zorich.domain.Tetrahedron{vertexA=by.training.zorich.domain.Point{coordinateX=2.0, coordinateY=-1.0, coordinateZ=2.0}, vertexB=by.training.zorich.domain.Point{coordinateX=2.0, coordinateY=1.0, coordinateZ=3.0}, vertexC=by.training.zorich.domain.Point{coordinateX=1.0, coordinateY=0.0, coordinateZ=1.0}, vertexD=by.training.zorich.domain.Point{coordinateX=6.0, coordinateY=4.0, coordinateZ=5.0}}, by.training.zorich.domain.Tetrahedron{vertexA=by.training.zorich.domain.Point{coordinateX=1.0, coordinateY=3.0, coordinateZ=6.0}, vertexB=by.training.zorich.domain.Point{coordinateX=2.0, coordinateY=2.0, coordinateZ=1.0}, vertexC=by.training.zorich.domain.Point{coordinateX=-1.0, coordinateY=0.0, coordinateZ=1.0}, vertexD=by.training.zorich.domain.Point{coordinateX=-4.0, coordinateY=6.0, coordinateZ=-3.0}}]
16:39:29, 13 окт 2018 [ERROR] (TetrahedronCreatorImpl.java:44) — [Ljava.lang.StackTraceElement;@3e92efc3
16:39:29, 13 окт 2018 [ERROR] (TetrahedronCreatorImpl.java:44) — [Ljava.lang.StackTraceElement;@3e92efc3
16:39:29, 13 окт 2018 [DEBUG] (TetrahedronCreatorTest.java:37) — []
16:39:29, 13 окт 2018 [DEBUG] (TetrahedronCreatorTest.java:38) — [by.training.zorich.domain.Tetrahedron{vertexA=by.training.zorich.domain.Point{coordinateX=2.0, coordinateY=-1.0, coordinateZ=2.0}, vertexB=by.training.zorich.domain.Point{coordinateX=2.0, coordinateY=1.0, coordinateZ=3.0}, vertexC=by.training.zorich.domain.Point{coordinateX=1.0, coordinateY=0.0, coordinateZ=1.0}, vertexD=by.training.zorich.domain.Point{coordinateX=6.0, coordinateY=4.0, coordinateZ=5.0}}, by.training.zorich.domain.Tetrahedron{vertexA=by.training.zorich.domain.Point{coordinateX=1.0, coordinateY=3.0, coordinateZ=6.0}, vertexB=by.training.zorich.domain.Point{coordinateX=2.0, coordinateY=2.0, coordinateZ=1.0}, vertexC=by.training.zorich.domain.Point{coordinateX=-1.0, coordinateY=0.0, coordinateZ=1.0}, vertexD=by.training.zorich.domain.Point{coordinateX=-4.0, coordinateY=6.0, coordinateZ=-3.0}}]
17:08:49, 13 окт 2018 [ERROR] (TetrahedronCreatorImpl.java:44) — [Ljava.lang.StackTraceElement;@3e92efc3
17:08:49, 13 окт 2018 [ERROR] (TetrahedronCreatorImpl.java:44) — [Ljava.lang.StackTraceElement;@3e92efc3
17:08:49, 13 окт 2018 [DEBUG] (TetrahedronCreatorTest.java:39) — []
17:08:49, 13 окт 2018 [DEBUG] (TetrahedronCreatorTest.java:40) — [by.training.zorich.domain.Tetrahedron{vertexA=by.training.zorich.domain.Point{coordinateX=2.0, coordinateY=-1.0, coordinateZ=2.0}, vertexB=by.training.zorich.domain.Point{coordinateX=2.0, coordinateY=1.0, coordinateZ=3.0}, vertexC=by.training.zorich.domain.Point{coordinateX=1.0, coordinateY=0.0, coordinateZ=1.0}, vertexD=by.training.zorich.domain.Point{coordinateX=6.0, coordinateY=4.0, coordinateZ=5.0}}, by.training.zorich.domain.Tetrahedron{vertexA=by.training.zorich.domain.Point{coordinateX=1.0, coordinateY=3.0, coordinateZ=6.0}, vertexB=by.training.zorich.domain.Point{coordinateX=2.0, coordinateY=2.0, coordinateZ=1.0}, vertexC=by.training.zorich.domain.Point{coordinateX=-1.0, coordinateY=0.0, coordinateZ=1.0}, vertexD=by.training.zorich.domain.Point{coordinateX=-4.0, coordinateY=6.0, coordinateZ=-3.0}}]
17:10:07, 13 окт 2018 [ERROR] (TetrahedronCreatorImpl.java:44) — [Ljava.lang.StackTraceElement;@3e92efc3
17:10:07, 13 окт 2018 [ERROR] (TetrahedronCreatorImpl.java:44) — [Ljava.lang.StackTraceElement;@3e92efc3
17:10:07, 13 окт 2018 [DEBUG] (TetrahedronCreatorTest.java:39) — []
17:10:07, 13 окт 2018 [DEBUG] (TetrahedronCreatorTest.java:40) — [by.training.zorich.domain.Tetrahedron{vertexA=by.training.zorich.domain.Point{coordinateX=2.0, coordinateY=-1.0, coordinateZ=2.0}, vertexB=by.training.zorich.domain.Point{coordinateX=2.0, coordinateY=1.0, coordinateZ=3.0}, vertexC=by.training.zorich.domain.Point{coordinateX=1.0, coordinateY=0.0, coordinateZ=1.0}, vertexD=by.training.zorich.domain.Point{coordinateX=6.0, coordinateY=4.0, coordinateZ=5.0}}, by.training.zorich.domain.Tetrahedron{vertexA=by.training.zorich.domain.Point{coordinateX=1.0, coordinateY=3.0, coordinateZ=6.0}, vertexB=by.training.zorich.domain.Point{coordinateX=2.0, coordinateY=2.0, coordinateZ=1.0}, vertexC=by.training.zorich.domain.Point{coordinateX=-1.0, coordinateY=0.0, coordinateZ=1.0}, vertexD=by.training.zorich.domain.Point{coordinateX=-4.0, coordinateY=6.0, coordinateZ=-3.0}}]
18:13:29, 13 окт 2018 [ERROR] (TetrahedronCreatorImpl.java:44) — [Ljava.lang.StackTraceElement;@5e316c74
18:13:29, 13 окт 2018 [ERROR] (TetrahedronCreatorImpl.java:44) — [Ljava.lang.StackTraceElement;@5e316c74
18:13:29, 13 окт 2018 [DEBUG] (TetrahedronCreatorTest.java:39) — []
18:13:29, 13 окт 2018 [DEBUG] (TetrahedronCreatorTest.java:40) — [by.training.zorich.domain.Tetrahedron{vertexA=by.training.zorich.domain.Point{coordinateX=2.0, coordinateY=-1.0, coordinateZ=2.0}, vertexB=by.training.zorich.domain.Point{coordinateX=2.0, coordinateY=1.0, coordinateZ=3.0}, vertexC=by.training.zorich.domain.Point{coordinateX=1.0, coordinateY=0.0, coordinateZ=1.0}, vertexD=by.training.zorich.domain.Point{coordinateX=6.0, coordinateY=4.0, coordinateZ=5.0}}, by.training.zorich.domain.Tetrahedron{vertexA=by.training.zorich.domain.Point{coordinateX=1.0, coordinateY=3.0, coordinateZ=6.0}, vertexB=by.training.zorich.domain.Point{coordinateX=2.0, coordinateY=2.0, coordinateZ=1.0}, vertexC=by.training.zorich.domain.Point{coordinateX=-1.0, coordinateY=0.0, coordinateZ=1.0}, vertexD=by.training.zorich.domain.Point{coordinateX=-4.0, coordinateY=6.0, coordinateZ=-3.0}}]
18:14:04, 13 окт 2018 [ERROR] (TetrahedronCreatorImpl.java:44) — [Ljava.lang.StackTraceElement;@3081f72c
18:14:04, 13 окт 2018 [ERROR] (TetrahedronCreatorImpl.java:44) — [Ljava.lang.StackTraceElement;@3081f72c
18:14:04, 13 окт 2018 [DEBUG] (TetrahedronCreatorTest.java:39) — []
18:14:04, 13 окт 2018 [DEBUG] (TetrahedronCreatorTest.java:40) — [by.training.zorich.domain.Tetrahedron{vertexA=by.training.zorich.domain.Point{coordinateX=2.0, coordinateY=-1.0, coordinateZ=2.0}, vertexB=by.training.zorich.domain.Point{coordinateX=2.0, coordinateY=1.0, coordinateZ=3.0}, vertexC=by.training.zorich.domain.Point{coordinateX=1.0, coordinateY=0.0, coordinateZ=1.0}, vertexD=by.training.zorich.domain.Point{coordinateX=6.0, coordinateY=4.0, coordinateZ=5.0}}, by.training.zorich.domain.Tetrahedron{vertexA=by.training.zorich.domain.Point{coordinateX=1.0, coordinateY=3.0, coordinateZ=6.0}, vertexB=by.training.zorich.domain.Point{coordinateX=2.0, coordinateY=2.0, coordinateZ=1.0}, vertexC=by.training.zorich.domain.Point{coordinateX=-1.0, coordinateY=0.0, coordinateZ=1.0}, vertexD=by.training.zorich.domain.Point{coordinateX=-4.0, coordinateY=6.0, coordinateZ=-3.0}}]
18:15:24, 13 окт 2018 [ERROR] (TetrahedronCreatorImpl.java:44) — [Ljava.lang.StackTraceElement;@3081f72c
18:15:24, 13 окт 2018 [ERROR] (TetrahedronCreatorImpl.java:44) — [Ljava.lang.StackTraceElement;@3081f72c
18:19:51, 13 окт 2018 [DEBUG] (TetrahedronCreatorTest.java:39) — []
18:19:51, 13 окт 2018 [DEBUG] (TetrahedronCreatorTest.java:40) — [by.training.zorich.domain.Tetrahedron{vertexA=by.training.zorich.domain.Point{coordinateX=2.0, coordinateY=-1.0, coordinateZ=2.0}, vertexB=by.training.zorich.domain.Point{coordinateX=2.0, coordinateY=1.0, coordinateZ=3.0}, vertexC=by.training.zorich.domain.Point{coordinateX=1.0, coordinateY=0.0, coordinateZ=1.0}, vertexD=by.training.zorich.domain.Point{coordinateX=6.0, coordinateY=4.0, coordinateZ=5.0}}, by.training.zorich.domain.Tetrahedron{vertexA=by.training.zorich.domain.Point{coordinateX=1.0, coordinateY=3.0, coordinateZ=6.0}, vertexB=by.training.zorich.domain.Point{coordinateX=2.0, coordinateY=2.0, coordinateZ=1.0}, vertexC=by.training.zorich.domain.Point{coordinateX=-1.0, coordinateY=0.0, coordinateZ=1.0}, vertexD=by.training.zorich.domain.Point{coordinateX=-4.0, coordinateY=6.0, coordinateZ=-3.0}}]
18:27:27, 13 окт 2018 [ERROR] (TetrahedronCreatorImpl.java:44) — [Ljava.lang.StackTraceElement;@63021689
18:27:27, 13 окт 2018 [ERROR] (TetrahedronCreatorImpl.java:44) — [Ljava.lang.StackTraceElement;@63021689
18:27:27, 13 окт 2018 [DEBUG] (TetrahedronCreatorTest.java:39) — []
18:27:27, 13 окт 2018 [DEBUG] (TetrahedronCreatorTest.java:40) — [by.training.zorich.domain.Tetrahedron{vertexA=by.training.zorich.domain.Point{coordinateX=2.0, coordinateY=-1.0, coordinateZ=2.0}, vertexB=by.training.zorich.domain.Point{coordinateX=2.0, coordinateY=1.0, coordinateZ=3.0}, vertexC=by.training.zorich.domain.Point{coordinateX=1.0, coordinateY=0.0, coordinateZ=1.0}, vertexD=by.training.zorich.domain.Point{coordinateX=6.0, coordinateY=4.0, coordinateZ=5.0}}, by.training.zorich.domain.Tetrahedron{vertexA=by.training.zorich.domain.Point{coordinateX=1.0, coordinateY=3.0, coordinateZ=6.0}, vertexB=by.training.zorich.domain.Point{coordinateX=2.0, coordinateY=2.0, coordinateZ=1.0}, vertexC=by.training.zorich.domain.Point{coordinateX=-1.0, coordinateY=0.0, coordinateZ=1.0}, vertexD=by.training.zorich.domain.Point{coordinateX=-4.0, coordinateY=6.0, coordinateZ=-3.0}}]
18:27:54, 13 окт 2018 [ERROR] (TetrahedronCreatorImpl.java:44) — [Ljava.lang.StackTraceElement;@3e92efc3
18:27:54, 13 окт 2018 [ERROR] (TetrahedronCreatorImpl.java:44) — [Ljava.lang.StackTraceElement;@3e92efc3
18:27:54, 13 окт 2018 [DEBUG] (TetrahedronCreatorTest.java:39) — []
18:27:54, 13 окт 2018 [DEBUG] (TetrahedronCreatorTest.java:40) — [by.training.zorich.domain.Tetrahedron{vertexA=by.training.zorich.domain.Point{coordinateX=2.0, coordinateY=-1.0, coordinateZ=2.0}, vertexB=by.training.zorich.domain.Point{coordinateX=2.0, coordinateY=1.0, coordinateZ=3.0}, vertexC=by.training.zorich.domain.Point{coordinateX=1.0, coordinateY=0.0, coordinateZ=1.0}, vertexD=by.training.zorich.domain.Point{coordinateX=6.0, coordinateY=4.0, coordinateZ=5.0}}, by.training.zorich.domain.Tetrahedron{vertexA=by.training.zorich.domain.Point{coordinateX=1.0, coordinateY=3.0, coordinateZ=6.0}, vertexB=by.training.zorich.domain.Point{coordinateX=2.0, coordinateY=2.0, coordinateZ=1.0}, vertexC=by.training.zorich.domain.Point{coordinateX=-1.0, coordinateY=0.0, coordinateZ=1.0}, vertexD=by.training.zorich.domain.Point{coordinateX=-4.0, coordinateY=6.0, coordinateZ=-3.0}}]
18:55:55, 13 окт 2018 [DEBUG] (TetrahedronCreatorTest.java:39) — [by.training.zorich.domain.Tetrahedron{vertexA=by.training.zorich.domain.Point{coordinateX=2.0, coordinateY=-1.0, coordinateZ=2.0}, vertexB=by.training.zorich.domain.Point{coordinateX=2.0, coordinateY=1.0, coordinateZ=3.0}, vertexC=by.training.zorich.domain.Point{coordinateX=1.0, coordinateY=0.0, coordinateZ=1.0}, vertexD=by.training.zorich.domain.Point{coordinateX=6.0, coordinateY=4.0, coordinateZ=5.0}}, by.training.zorich.domain.Tetrahedron{vertexA=by.training.zorich.domain.Point{coordinateX=1.0, coordinateY=3.0, coordinateZ=6.0}, vertexB=by.training.zorich.domain.Point{coordinateX=2.0, coordinateY=2.0, coordinateZ=1.0}, vertexC=by.training.zorich.domain.Point{coordinateX=-1.0, coordinateY=0.0, coordinateZ=1.0}, vertexD=by.training.zorich.domain.Point{coordinateX=-4.0, coordinateY=6.0, coordinateZ=-3.0}}]
18:55:55, 13 окт 2018 [DEBUG] (TetrahedronCreatorTest.java:40) — [by.training.zorich.domain.Tetrahedron{vertexA=by.training.zorich.domain.Point{coordinateX=2.0, coordinateY=-1.0, coordinateZ=2.0}, vertexB=by.training.zorich.domain.Point{coordinateX=2.0, coordinateY=1.0, coordinateZ=3.0}, vertexC=by.training.zorich.domain.Point{coordinateX=1.0, coordinateY=0.0, coordinateZ=1.0}, vertexD=by.training.zorich.domain.Point{coordinateX=6.0, coordinateY=4.0, coordinateZ=5.0}}, by.training.zorich.domain.Tetrahedron{vertexA=by.training.zorich.domain.Point{coordinateX=1.0, coordinateY=3.0, coordinateZ=6.0}, vertexB=by.training.zorich.domain.Point{coordinateX=2.0, coordinateY=2.0, coordinateZ=1.0}, vertexC=by.training.zorich.domain.Point{coordinateX=-1.0, coordinateY=0.0, coordinateZ=1.0}, vertexD=by.training.zorich.domain.Point{coordinateX=-4.0, coordinateY=6.0, coordinateZ=-3.0}}]
19:07:55, 13 окт 2018 [ERROR] (TetrahedronCreatorImpl.java:44) — [Ljava.lang.StackTraceElement;@3e92efc3
19:07:55, 13 окт 2018 [ERROR] (TetrahedronCreatorImpl.java:44) — [Ljava.lang.StackTraceElement;@3e92efc3
19:08:16, 13 окт 2018 [ERROR] (TetrahedronCreatorImpl.java:44) — [Ljava.lang.StackTraceElement;@3e92efc3
19:08:16, 13 окт 2018 [ERROR] (TetrahedronCreatorImpl.java:44) — [Ljava.lang.StackTraceElement;@3e92efc3
19:08:33, 13 окт 2018 [ERROR] (TetrahedronCreatorImpl.java:44) — [Ljava.lang.StackTraceElement;@3e92efc3
19:08:33, 13 окт 2018 [ERROR] (TetrahedronCreatorImpl.java:44) — [Ljava.lang.StackTraceElement;@3e92efc3
19:09:16, 13 окт 2018 [ERROR] (TetrahedronCreatorImpl.java:44) — [Ljava.lang.StackTraceElement;@3e92efc3
19:09:16, 13 окт 2018 [ERROR] (TetrahedronCreatorImpl.java:44) — [Ljava.lang.StackTraceElement;@3e92efc3
19:09:32, 13 окт 2018 [ERROR] (TetrahedronCreatorImpl.java:44) — [Ljava.lang.StackTraceElement;@3e92efc3
19:09:32, 13 окт 2018 [ERROR] (TetrahedronCreatorImpl.java:44) — [Ljava.lang.StackTraceElement;@3e92efc3
19:09:49, 13 окт 2018 [ERROR] (TetrahedronCreatorImpl.java:44) — [Ljava.lang.StackTraceElement;@3e92efc3
19:09:49, 13 окт 2018 [ERROR] (TetrahedronCreatorImpl.java:44) — [Ljava.lang.StackTraceElement;@3e92efc3
19:10:44, 13 окт 2018 [ERROR] (TetrahedronCreatorImpl.java:44) — [Ljava.lang.StackTraceElement;@63021689
19:10:44, 13 окт 2018 [ERROR] (TetrahedronCreatorImpl.java:44) — [Ljava.lang.StackTraceElement;@63021689
19:11:08, 13 окт 2018 [ERROR] (TetrahedronCreatorImpl.java:44) — [Ljava.lang.StackTraceElement;@3e92efc3
19:11:08, 13 окт 2018 [ERROR] (TetrahedronCreatorImpl.java:44) — [Ljava.lang.StackTraceElement;@3e92efc3
19:11:48, 13 окт 2018 [ERROR] (TetrahedronCreatorImpl.java:44) — [Ljava.lang.StackTraceElement;@3e2e18f2
19:11:48, 13 окт 2018 [ERROR] (TetrahedronCreatorImpl.java:44) — [Ljava.lang.StackTraceElement;@3e2e18f2
19:13:24, 13 окт 2018 [ERROR] (TetrahedronCreatorImpl.java:44) — [Ljava.lang.StackTraceElement;@34b7ac2f
19:13:24, 13 окт 2018 [ERROR] (TetrahedronCreatorImpl.java:44) — [Ljava.lang.StackTraceElement;@34b7ac2f
19:17:31, 13 окт 2018 [ERROR] (TetrahedronCreatorImpl.java:44) — [Ljava.lang.StackTraceElement;@34b7ac2f
19:17:31, 13 окт 2018 [ERROR] (TetrahedronCreatorImpl.java:44) — [Ljava.lang.StackTraceElement;@34b7ac2f
19:18:39, 13 окт 2018 [ERROR] (TetrahedronCreatorImpl.java:44) — TextFileReaderException: Reading file is failed.
19:18:39, 13 окт 2018 [ERROR] (TetrahedronCreatorImpl.java:44) — TextFileReaderException: Reading file is failed.
19:21:57, 13 окт 2018 [ERROR] (TetrahedronCreatorImpl.java:44) — TextFileReaderException: Reading file is failed.
19:21:57, 13 окт 2018 [ERROR] (TetrahedronCreatorImpl.java:44) — TextFileReaderException: Reading file is failed.
19:22:50, 13 окт 2018 [ERROR] (TetrahedronCreatorImpl.java:44) — TextFileReaderException: Reading file is failed.
19:22:50, 13 окт 2018 [ERROR] (TetrahedronCreatorImpl.java:44) — TextFileReaderException: Reading file is failed.
19:24:32, 13 окт 2018 [ERROR] (TetrahedronCreatorImpl.java:44) — TextFileReaderException: Reading file is failed.
19:24:32, 13 окт 2018 [ERROR] (TetrahedronCreatorImpl.java:44) — TextFileReaderException: Reading file is failed.
19:25:31, 13 окт 2018 [ERROR] (TetrahedronCreatorImpl.java:44) — TextFileReaderException: Reading file is failed.
19:25:31, 13 окт 2018 [ERROR] (TetrahedronCreatorImpl.java:44) — TextFileReaderException: Reading file is failed.
19:26:41, 13 окт 2018 [ERROR] (TetrahedronCreatorImpl.java:44) — TextFileReaderException: Reading file is failed.
19:26:41, 13 окт 2018 [ERROR] (TetrahedronCreatorImpl.java:44) — TextFileReaderException: Reading file is failed.
19:26:53, 13 окт 2018 [ERROR] (TetrahedronCreatorImpl.java:44) — TextFileReaderException: Reading file is failed.
19:26:53, 13 окт 2018 [ERROR] (TetrahedronCreatorImpl.java:44) — TextFileReaderException: Reading file is failed.
19:28:14, 13 окт 2018 [ERROR] (TetrahedronCreatorImpl.java:44) — TextFileReaderException: Reading file is failed.
19:28:14, 13 окт 2018 [ERROR] (TetrahedronCreatorImpl.java:44) — TextFileReaderException: Reading file is failed.
19:28:55, 13 окт 2018 [ERROR] (TetrahedronCreatorImpl.java:44) — TextFileReaderException: Reading file is failed.
19:28:55, 13 окт 2018 [ERROR] (TetrahedronCreatorImpl.java:44) — TextFileReaderException: Reading file is failed.
19:29:05, 13 окт 2018 [ERROR] (TetrahedronCreatorImpl.java:44) — TextFileReaderException: Reading file is failed.
19:29:05, 13 окт 2018 [ERROR] (TetrahedronCreatorImpl.java:44) — TextFileReaderException: Reading file is failed.
19:29:50, 13 окт 2018 [ERROR] (TetrahedronCreatorImpl.java:44) — TextFileReaderException: Reading file is failed.
19:29:50, 13 окт 2018 [ERROR] (TetrahedronCreatorImpl.java:44) — TextFileReaderException: Reading file is failed.
